/home/holmescn/miniconda3/envs/tensorflow/lib/python3.6/site-packages/h5py/__init__.py:36: FutureWarning: Conversion of the second argument of issubdtype from `float` to `np.floating` is deprecated. In future, it will be treated as `np.float64 == np.dtype(float).type`.
  from ._conv import register_converters as _register_converters
INFO:tensorflow:Using config: {'_model_dir': '/tmp/job', '_tf_random_seed': None, '_save_summary_steps': 100, '_save_checkpoints_steps': None, '_save_checkpoints_secs': 600, '_session_config': gpu_options {
  force_gpu_compatible: true
}
allow_soft_placement: true
, '_keep_checkpoint_max': 5, '_keep_checkpoint_every_n_hours': 10000, '_log_step_count_steps': 100, '_train_distribute': None, '_service': None, '_cluster_spec': <tensorflow.python.training.server_lib.ClusterSpec object at 0x7f6f23fb82b0>, '_task_type': 'worker', '_task_id': 0, '_global_id_in_cluster': 0, '_master': '', '_evaluation_master': '', '_is_chief': True, '_num_ps_replicas': 0, '_num_worker_replicas': 1}
INFO:tensorflow:Running training and evaluation locally (non-distributed).
INFO:tensorflow:Start train and evaluate loop. The evaluate will happen after 60 secs (eval_spec.throttle_secs) or training is finished.
INFO:tensorflow:Calling model_fn.
Traceback (most recent call last):
  File "train.py", line 96, in <module>
    main(args)
  File "train.py", line 50, in main
    tf.estimator.train_and_evaluate(estimator, train_spec, eval_spec)
  File "/home/holmescn/miniconda3/envs/tensorflow/lib/python3.6/site-packages/tensorflow/python/estimator/training.py", line 439, in train_and_evaluate
    executor.run()
  File "/home/holmescn/miniconda3/envs/tensorflow/lib/python3.6/site-packages/tensorflow/python/estimator/training.py", line 518, in run
    self.run_local()
  File "/home/holmescn/miniconda3/envs/tensorflow/lib/python3.6/site-packages/tensorflow/python/estimator/training.py", line 650, in run_local
    hooks=train_hooks)
  File "/home/holmescn/miniconda3/envs/tensorflow/lib/python3.6/site-packages/tensorflow/python/estimator/estimator.py", line 363, in train
    loss = self._train_model(input_fn, hooks, saving_listeners)
  File "/home/holmescn/miniconda3/envs/tensorflow/lib/python3.6/site-packages/tensorflow/python/estimator/estimator.py", line 843, in _train_model
    return self._train_model_default(input_fn, hooks, saving_listeners)
  File "/home/holmescn/miniconda3/envs/tensorflow/lib/python3.6/site-packages/tensorflow/python/estimator/estimator.py", line 856, in _train_model_default
    features, labels, model_fn_lib.ModeKeys.TRAIN, self.config)
  File "/home/holmescn/miniconda3/envs/tensorflow/lib/python3.6/site-packages/tensorflow/python/estimator/estimator.py", line 831, in _call_model_fn
    model_fn_results = self._model_fn(features=features, **kwargs)
  File "/home/holmescn/Work/deep-learning-practice/tensorflow/cifar10/utils.py", line 19, in _model_fn
    logits = build_model(inputs, args, mode, params)
  File "/home/holmescn/Work/deep-learning-practice/tensorflow/cifar10/simplenet_v1.py", line 37, in build_model
    return net(inputs)
  File "/home/holmescn/Work/deep-learning-practice/tensorflow/cifar10/simplenet_v1.py", line 29, in __call__
    net = self._conv2d(net, 3, 3, 2) # 8x8
  File "/home/holmescn/Work/deep-learning-practice/tensorflow/cifar10/simplenet_v1.py", line 18, in _conv2d
    padding='same', data_format=self._data_format, **kwargs)
  File "/home/holmescn/miniconda3/envs/tensorflow/lib/python3.6/site-packages/tensorflow/python/layers/convolutional.py", line 621, in conv2d
    return layer.apply(inputs)
  File "/home/holmescn/miniconda3/envs/tensorflow/lib/python3.6/site-packages/tensorflow/python/layers/base.py", line 828, in apply
    return self.__call__(inputs, *args, **kwargs)
  File "/home/holmescn/miniconda3/envs/tensorflow/lib/python3.6/site-packages/tensorflow/python/layers/base.py", line 717, in __call__
    outputs = self.call(inputs, *args, **kwargs)
  File "/home/holmescn/miniconda3/envs/tensorflow/lib/python3.6/site-packages/tensorflow/python/layers/convolutional.py", line 168, in call
    outputs = self._convolution_op(inputs, self.kernel)
  File "/home/holmescn/miniconda3/envs/tensorflow/lib/python3.6/site-packages/tensorflow/python/ops/nn_ops.py", line 868, in __call__
    return self.conv_op(inp, filter)
  File "/home/holmescn/miniconda3/envs/tensorflow/lib/python3.6/site-packages/tensorflow/python/ops/nn_ops.py", line 520, in __call__
    return self.call(inp, filter)
  File "/home/holmescn/miniconda3/envs/tensorflow/lib/python3.6/site-packages/tensorflow/python/ops/nn_ops.py", line 204, in __call__
    name=self.name)
  File "/home/holmescn/miniconda3/envs/tensorflow/lib/python3.6/site-packages/tensorflow/python/ops/gen_nn_ops.py", line 956, in conv2d
    data_format=data_format, dilations=dilations, name=name)
  File "/home/holmescn/miniconda3/envs/tensorflow/lib/python3.6/site-packages/tensorflow/python/framework/op_def_library.py", line 787, in _apply_op_helper
    op_def=op_def)
  File "/home/holmescn/miniconda3/envs/tensorflow/lib/python3.6/site-packages/tensorflow/python/framework/ops.py", line 3392, in create_op
    op_def=op_def)
  File "/home/holmescn/miniconda3/envs/tensorflow/lib/python3.6/site-packages/tensorflow/python/framework/ops.py", line 1734, in __init__
    control_input_ops)
  File "/home/holmescn/miniconda3/envs/tensorflow/lib/python3.6/site-packages/tensorflow/python/framework/ops.py", line 1564, in _create_c_op
    c_api.TF_SetAttrValueProto(op_desc, compat.as_str(name), serialized)
  File "/home/holmescn/miniconda3/envs/tensorflow/lib/python3.6/site-packages/tensorflow/python/util/compat.py", line 70, in as_text
    def as_text(bytes_or_text, encoding='utf-8'):
KeyboardInterrupt
